No files changed, compilation skipped
Traces:
  [168068] ScenarioActions::commitBoth()
    ├─ [0] VM::envString("AUCTION_ADDR") [staticcall]
    │   └─ ← [Return] <env var value>
    ├─ [0] VM::envAddress("AUCTION_ADDR") [staticcall]
    │   └─ ← [Return] <env var value>
    ├─ [0] VM::envString("MOCK_TOKEN_ADDR") [staticcall]
    │   └─ ← [Return] <env var value>
    ├─ [0] VM::envAddress("MOCK_TOKEN_ADDR") [staticcall]
    │   └─ ← [Return] <env var value>
    ├─ [0] VM::envUint("ALICE_PK") [staticcall]
    │   └─ ← [Return] <env var value>
    ├─ [0] VM::envUint("ATTACKER_PK") [staticcall]
    │   └─ ← [Return] <env var value>
    ├─ [0] VM::envUint("ALICE_BID") [staticcall]
    │   └─ ← [Return] <env var value>
    ├─ [0] VM::envUint("ATTACKER_BID") [staticcall]
    │   └─ ← [Return] <env var value>
    ├─ [0] VM::envUint("ALICE_NONCE") [staticcall]
    │   └─ ← [Return] <env var value>
    ├─ [0] VM::envUint("ATTACKER_NONCE") [staticcall]
    │   └─ ← [Return] <env var value>
    ├─ [0] VM::startBroadcast(<pk>)
    │   └─ ← [Return]
    ├─ [25296] 0x7554E3D8544CC2eb8Becaa7b6dEc64802Ff2d34C::approve(0x8b072C629488fC74b74800f841b8e25D074379a8, 115792089237316195423570985008687907853269984665640564039457584007913129639935 [1.157e77])
    │   ├─ emit Approval(owner: 0xcc7a3706Df7FCcFbF99f577382BC62C0e565FcF0, spender: 0x8b072C629488fC74b74800f841b8e25D074379a8, value: 115792089237316195423570985008687907853269984665640564039457584007913129639935 [1.157e77])
    │   └─ ← [Return] true
    ├─ [0] VM::addr(<pk>) [staticcall]
    │   └─ ← [Return] 0xcc7a3706Df7FCcFbF99f577382BC62C0e565FcF0
    ├─ [122320] 0x8b072C629488fC74b74800f841b8e25D074379a8::commit(0x8018febe14ea0407d77568c11a305d32d83a4c057a83a8e772c15a453f0325e8)
    │   ├─ [31161] 0x7554E3D8544CC2eb8Becaa7b6dEc64802Ff2d34C::transferFrom(0xcc7a3706Df7FCcFbF99f577382BC62C0e565FcF0, 0x8b072C629488fC74b74800f841b8e25D074379a8, 10)
    │   │   ├─ emit Transfer(from: 0xcc7a3706Df7FCcFbF99f577382BC62C0e565FcF0, to: 0x8b072C629488fC74b74800f841b8e25D074379a8, value: 10)
    │   │   └─ ← [Return] true
    │   ├─ emit BidCommitted(bidder: 0xcc7a3706Df7FCcFbF99f577382BC62C0e565FcF0)
    │   └─ ← [Stop]
    ├─ [0] console::log(0x8018febe14ea0407d77568c11a305d32d83a4c057a83a8e772c15a453f0325e8) [staticcall]
    │   └─ ← [Stop]
    ├─ [0] VM::stopBroadcast()
    │   └─ ← [Return]
    ├─ [0] console::log("Skipping attacker commit (attackerBid == 0)") [staticcall]
    │   └─ ← [Stop]
    └─ ← [Stop]


Script ran successfully.

== Logs ==
  0x8018febe14ea0407d77568c11a305d32d83a4c057a83a8e772c15a453f0325e8
  Skipping attacker commit (attackerBid == 0)

## Setting up 1 EVM.
==========================
Simulated On-chain Traces:

  [25296] 0x7554E3D8544CC2eb8Becaa7b6dEc64802Ff2d34C::approve(0x8b072C629488fC74b74800f841b8e25D074379a8, 115792089237316195423570985008687907853269984665640564039457584007913129639935 [1.157e77])
    ├─ emit Approval(owner: 0xcc7a3706Df7FCcFbF99f577382BC62C0e565FcF0, spender: 0x8b072C629488fC74b74800f841b8e25D074379a8, value: 115792089237316195423570985008687907853269984665640564039457584007913129639935 [1.157e77])
    └─ ← [Return] true

  [126820] 0x8b072C629488fC74b74800f841b8e25D074379a8::commit(0x8018febe14ea0407d77568c11a305d32d83a4c057a83a8e772c15a453f0325e8)
    ├─ [33161] 0x7554E3D8544CC2eb8Becaa7b6dEc64802Ff2d34C::transferFrom(0xcc7a3706Df7FCcFbF99f577382BC62C0e565FcF0, 0x8b072C629488fC74b74800f841b8e25D074379a8, 10)
    │   ├─ emit Transfer(from: 0xcc7a3706Df7FCcFbF99f577382BC62C0e565FcF0, to: 0x8b072C629488fC74b74800f841b8e25D074379a8, value: 10)
    │   └─ ← [Return] true
    ├─ emit BidCommitted(bidder: 0xcc7a3706Df7FCcFbF99f577382BC62C0e565FcF0)
    └─ ← [Stop]


==========================

Chain 11155111

Estimated gas price: 0.001000044 gwei

Estimated total gas used for script: 270203

Estimated amount required: 0.000000270214888932 ETH

==========================


==========================

ONCHAIN EXECUTION COMPLETE & SUCCESSFUL.

Transactions saved to: C:/Users/Olaomoju Ola-Taiwo/CommitRevealAuction/broadcast\frontrunning_Onchain.s.sol\11155111\commitBoth-latest.json

Sensitive values saved to: C:/Users/Olaomoju Ola-Taiwo/CommitRevealAuction/cache\frontrunning_Onchain.s.sol\11155111\commitBoth-latest.json

