No files changed, compilation skipped
Traces:
  [1174384] ScenarioActions::deploy()
    ├─ [0] VM::envUint("DEPLOYER_PK") [staticcall]
    │   └─ ← [Return] <env var value>
    ├─ [0] VM::envString("MOCK_TOKEN_ADDR") [staticcall]
    │   └─ ← [Return] <env var value>
    ├─ [0] VM::envAddress("MOCK_TOKEN_ADDR") [staticcall]
    │   └─ ← [Return] <env var value>
    ├─ [0] console::log("Using provided MOCK_TOKEN_ADDR", 0x7554E3D8544CC2eb8Becaa7b6dEc64802Ff2d34C) [staticcall]
    │   └─ ← [Stop]
    ├─ [0] VM::startBroadcast(<pk>)
    │   └─ ← [Return]
    ├─ [0] VM::envString("COMMIT_BLOCKS") [staticcall]
    │   └─ ← [Return] <env var value>
    ├─ [0] VM::envUint("COMMIT_BLOCKS") [staticcall]
    │   └─ ← [Return] <env var value>
    ├─ [0] VM::envString("REVEAL_BLOCKS") [staticcall]
    │   └─ ← [Return] <env var value>
    ├─ [0] VM::envUint("REVEAL_BLOCKS") [staticcall]
    │   └─ ← [Return] <env var value>
    ├─ [0] VM::envString("DEPOSIT_AMOUNT") [staticcall]
    │   └─ ← [Return] <env var value>
    ├─ [0] VM::envUint("DEPOSIT_AMOUNT") [staticcall]
    │   └─ ← [Return] <env var value>
    ├─ [0] VM::envUint("DEPLOYER_PK") [staticcall]
    │   └─ ← [Return] <env var value>
    ├─ [0] VM::addr(<pk>) [staticcall]
    │   └─ ← [Return] 0x1f9162aDf495696C72Be2473e62C51B7B6fd2E50
    ├─ [0] VM::envString("BENEFICIARY") [staticcall]
    │   └─ ← [Return] <env var value>
    ├─ [0] VM::envAddress("BENEFICIARY") [staticcall]
    │   └─ ← [Return] <env var value>
    ├─ [1122024] → new SealedBidAuction@0x98A1f7973e4733a4781C69bb6c0AD1A22b5c9fB7
    │   └─ ← [Return] 5489 bytes of code
    ├─ [0] console::log("Deployed Auction", SealedBidAuction: [0x98A1f7973e4733a4781C69bb6c0AD1A22b5c9fB7]) [staticcall]
    │   └─ ← [Stop]
    ├─ [0] console::log("Payment token", 0x7554E3D8544CC2eb8Becaa7b6dEc64802Ff2d34C) [staticcall]
    │   └─ ← [Stop]
    ├─ [0] console::log("commitEndBlock", 9276866 [9.276e6]) [staticcall]
    │   └─ ← [Stop]
    ├─ [0] console::log("revealEndBlock", 9276886 [9.276e6]) [staticcall]
    │   └─ ← [Stop]
    ├─ [0] VM::stopBroadcast()
    │   └─ ← [Return]
    └─ ← [Stop]


Script ran successfully.

== Logs ==
  Using provided MOCK_TOKEN_ADDR 0x7554E3D8544CC2eb8Becaa7b6dEc64802Ff2d34C
  Deployed Auction 0x98A1f7973e4733a4781C69bb6c0AD1A22b5c9fB7
  Payment token 0x7554E3D8544CC2eb8Becaa7b6dEc64802Ff2d34C
  commitEndBlock 9276866
  revealEndBlock 9276886

## Setting up 1 EVM.
==========================
Simulated On-chain Traces:

  [1122024] → new SealedBidAuction@0x98A1f7973e4733a4781C69bb6c0AD1A22b5c9fB7
    └─ ← [Return] 5489 bytes of code


==========================

Chain 11155111

Estimated gas price: 0.00100005 gwei

Estimated total gas used for script: 1644349

Estimated amount required: 0.00000164443121745 ETH

==========================


==========================

ONCHAIN EXECUTION COMPLETE & SUCCESSFUL.

Transactions saved to: C:/Users/Olaomoju Ola-Taiwo/CommitRevealAuction/broadcast\frontrunning_Onchain.s.sol\11155111\deploy-latest.json

Sensitive values saved to: C:/Users/Olaomoju Ola-Taiwo/CommitRevealAuction/cache\frontrunning_Onchain.s.sol\11155111\deploy-latest.json

